2024-12-03 18:31:03 [restartedMain] INFO  o.s.boot.SpringApplication - 
  .   ____          _            __ _ _
 /\\ / ___'_ __ _ _(_)_ __  __ _ \ \ \ \
( ( )\___ | '_ | '_| | '_ \/ _` | \ \ \ \
 \\/  ___)| |_)| | | | | || (_| |  ) ) ) )
  '  |____| .__|_| |_|_| |_\__, | / / / /
 =========|_|==============|___/=/_/_/_/

[32m :: Spring Boot :: [39m              [2m (v3.3.3)[0;39m


2024-12-03 18:31:03 [background-preinit] INFO  o.h.validator.internal.util.Version - HV000001: Hibernate Validator 8.0.1.Final
2024-12-03 18:31:03 [restartedMain] INFO  i.v.b.BloggingEngineApi - Starting BloggingEngineApi using Java 22.0.2 with PID 179893 (/home/vsoare/Documents/projectsLongTerm/BloggingEngineAPI/target/classes started by vsoare in /home/vsoare/Documents/projectsLongTerm/BloggingEngineAPI)
2024-12-03 18:31:03 [restartedMain] INFO  i.v.b.BloggingEngineApi - The following 1 profile is active: "dev"
2024-12-03 18:31:03 [restartedMain] INFO  o.s.b.d.c.l.DockerComposeLifecycleManager - Using Docker Compose file '/home/vsoare/Documents/projectsLongTerm/BloggingEngineAPI/compose.yaml'
2024-12-03 18:31:04 [OutputReader-stderr] INFO  o.s.b.docker.compose.core.DockerCli -  Container news_mysql  Created
2024-12-03 18:31:04 [OutputReader-stderr] INFO  o.s.b.docker.compose.core.DockerCli -  Container news_mysql  Starting
2024-12-03 18:31:04 [OutputReader-stderr] INFO  o.s.b.docker.compose.core.DockerCli -  Container news_mysql  Started
2024-12-03 18:31:04 [OutputReader-stderr] INFO  o.s.b.docker.compose.core.DockerCli -  Container news_mysql  Waiting
2024-12-03 18:31:04 [OutputReader-stderr] INFO  o.s.b.docker.compose.core.DockerCli -  Container news_mysql  Healthy
2024-12-03 18:31:06 [restartedMain] INFO  o.s.b.d.e.DevToolsPropertyDefaultsPostProcessor - Devtools property defaults active! Set 'spring.devtools.add-properties' to 'false' to disable
2024-12-03 18:31:06 [restartedMain] INFO  o.s.b.d.e.DevToolsPropertyDefaultsPostProcessor - For additional web related logging consider setting the 'logging.level.web' property to 'DEBUG'
2024-12-03 18:31:06 [restartedMain] INFO  o.s.d.r.c.RepositoryConfigurationDelegate - Bootstrapping Spring Data JPA repositories in DEFAULT mode.
2024-12-03 18:31:06 [restartedMain] INFO  o.s.d.r.c.RepositoryConfigurationDelegate - Finished Spring Data repository scanning in 27 ms. Found 6 JPA repository interfaces.
2024-12-03 18:31:06 [restartedMain] INFO  o.s.b.w.e.tomcat.TomcatWebServer - Tomcat initialized with port 8080 (http)
2024-12-03 18:31:06 [restartedMain] INFO  o.a.coyote.http11.Http11NioProtocol - Initializing ProtocolHandler ["http-nio-8080"]
2024-12-03 18:31:06 [restartedMain] INFO  o.a.catalina.core.StandardService - Starting service [Tomcat]
2024-12-03 18:31:06 [restartedMain] INFO  o.a.catalina.core.StandardEngine - Starting Servlet engine: [Apache Tomcat/10.1.28]
2024-12-03 18:31:07 [restartedMain] INFO  o.a.c.c.C.[Tomcat].[localhost].[/] - Initializing Spring embedded WebApplicationContext
2024-12-03 18:31:07 [restartedMain] INFO  o.s.b.w.s.c.ServletWebServerApplicationContext - Root WebApplicationContext: initialization completed in 945 ms
2024-12-03 18:31:07 [restartedMain] INFO  o.h.jpa.internal.util.LogHelper - HHH000204: Processing PersistenceUnitInfo [name: default]
2024-12-03 18:31:07 [restartedMain] INFO  org.hibernate.Version - HHH000412: Hibernate ORM core version 6.5.2.Final
2024-12-03 18:31:07 [restartedMain] INFO  o.h.c.i.RegionFactoryInitiator - HHH000026: Second-level cache disabled
2024-12-03 18:31:07 [restartedMain] INFO  o.s.o.j.p.SpringPersistenceUnitInfo - No LoadTimeWeaver setup: ignoring JPA class transformer
2024-12-03 18:31:07 [restartedMain] INFO  com.zaxxer.hikari.HikariDataSource - HikariPool-1 - Starting...
2024-12-03 18:31:07 [restartedMain] INFO  com.zaxxer.hikari.pool.HikariPool - HikariPool-1 - Added connection com.mysql.cj.jdbc.ConnectionImpl@5a4c85fd
2024-12-03 18:31:07 [restartedMain] INFO  com.zaxxer.hikari.HikariDataSource - HikariPool-1 - Start completed.
2024-12-03 18:31:08 [restartedMain] INFO  o.h.e.t.j.p.i.JtaPlatformInitiator - HHH000489: No JTA platform available (set 'hibernate.transaction.jta.platform' to enable JTA platform integration)
2024-12-03 18:31:08 [restartedMain] INFO  o.s.o.j.LocalContainerEntityManagerFactoryBean - Initialized JPA EntityManagerFactory for persistence unit 'default'
2024-12-03 18:31:08 [restartedMain] INFO  o.s.s.c.a.a.c.InitializeUserDetailsBeanManagerConfigurer$InitializeUserDetailsManagerConfigurer - Global AuthenticationManager configured with UserDetailsService bean with name customUserDetailsService
2024-12-03 18:31:08 [restartedMain] INFO  o.s.d.j.r.query.QueryEnhancerFactory - Hibernate is in classpath; If applicable, HQL parser will be used.
2024-12-03 18:31:08 [restartedMain] INFO  o.s.b.a.e.web.EndpointLinksResolver - Exposing 1 endpoint beneath base path '/actuator'
2024-12-03 18:31:09 [restartedMain] INFO  o.s.b.d.a.OptionalLiveReloadServer - LiveReload server is running on port 35729
2024-12-03 18:31:09 [restartedMain] INFO  o.a.coyote.http11.Http11NioProtocol - Starting ProtocolHandler ["http-nio-8080"]
2024-12-03 18:31:09 [restartedMain] INFO  o.s.b.w.e.tomcat.TomcatWebServer - Tomcat started on port 8080 (http) with context path '/'
2024-12-03 18:31:09 [restartedMain] INFO  i.v.b.BloggingEngineApi - Started BloggingEngineApi in 5.781 seconds (process running for 6.184)
2024-12-03 18:31:09 [RMI TCP Connection(2)-192.168.100.35] INFO  o.a.c.c.C.[Tomcat].[localhost].[/] - Initializing Spring DispatcherServlet 'dispatcherServlet'
2024-12-03 18:31:09 [RMI TCP Connection(2)-192.168.100.35] INFO  o.s.web.servlet.DispatcherServlet - Initializing Servlet 'dispatcherServlet'
2024-12-03 18:31:09 [RMI TCP Connection(2)-192.168.100.35] INFO  o.s.web.servlet.DispatcherServlet - Completed initialization in 1 ms
2024-12-03 18:31:19 [SpringApplicationShutdownHook] INFO  o.s.o.j.LocalContainerEntityManagerFactoryBean - Closing JPA EntityManagerFactory for persistence unit 'default'
2024-12-03 18:31:19 [SpringApplicationShutdownHook] INFO  com.zaxxer.hikari.HikariDataSource - HikariPool-1 - Shutdown initiated...
2024-12-03 18:31:19 [SpringApplicationShutdownHook] INFO  com.zaxxer.hikari.HikariDataSource - HikariPool-1 - Shutdown completed.
2024-12-03 19:16:18 [background-preinit] INFO  o.h.validator.internal.util.Version - HV000001: Hibernate Validator 8.0.1.Final
2024-12-03 19:16:18 [restartedMain] INFO  o.s.boot.SpringApplication - 
  .   ____          _            __ _ _
 /\\ / ___'_ __ _ _(_)_ __  __ _ \ \ \ \
( ( )\___ | '_ | '_| | '_ \/ _` | \ \ \ \
 \\/  ___)| |_)| | | | | || (_| |  ) ) ) )
  '  |____| .__|_| |_|_| |_\__, | / / / /
 =========|_|==============|___/=/_/_/_/

[32m :: Spring Boot :: [39m              [2m (v3.3.3)[0;39m


2024-12-03 19:16:18 [restartedMain] INFO  i.v.b.BloggingEngineApi - Starting BloggingEngineApi using Java 22.0.2 with PID 186695 (/home/vsoare/Documents/projectsLongTerm/BloggingEngineAPI/target/classes started by vsoare in /home/vsoare/Documents/projectsLongTerm/BloggingEngineAPI)
2024-12-03 19:16:18 [restartedMain] INFO  i.v.b.BloggingEngineApi - The following 1 profile is active: "dev"
2024-12-03 19:16:18 [restartedMain] INFO  o.s.b.d.c.l.DockerComposeLifecycleManager - Using Docker Compose file '/home/vsoare/Documents/projectsLongTerm/BloggingEngineAPI/compose.yaml'
2024-12-03 19:16:18 [OutputReader-stderr] INFO  o.s.b.docker.compose.core.DockerCli -  Container news_mysql  Created
2024-12-03 19:16:18 [OutputReader-stderr] INFO  o.s.b.docker.compose.core.DockerCli -  Container news_mysql  Starting
2024-12-03 19:16:18 [OutputReader-stderr] INFO  o.s.b.docker.compose.core.DockerCli -  Container news_mysql  Started
2024-12-03 19:16:18 [OutputReader-stderr] INFO  o.s.b.docker.compose.core.DockerCli -  Container news_mysql  Waiting
2024-12-03 19:16:19 [OutputReader-stderr] INFO  o.s.b.docker.compose.core.DockerCli -  Container news_mysql  Healthy
2024-12-03 19:16:20 [restartedMain] INFO  o.s.b.d.e.DevToolsPropertyDefaultsPostProcessor - Devtools property defaults active! Set 'spring.devtools.add-properties' to 'false' to disable
2024-12-03 19:16:20 [restartedMain] INFO  o.s.b.d.e.DevToolsPropertyDefaultsPostProcessor - For additional web related logging consider setting the 'logging.level.web' property to 'DEBUG'
2024-12-03 19:16:21 [restartedMain] INFO  o.s.d.r.c.RepositoryConfigurationDelegate - Bootstrapping Spring Data JPA repositories in DEFAULT mode.
2024-12-03 19:16:21 [restartedMain] INFO  o.s.d.r.c.RepositoryConfigurationDelegate - Finished Spring Data repository scanning in 35 ms. Found 6 JPA repository interfaces.
2024-12-03 19:16:21 [restartedMain] INFO  o.s.b.w.e.tomcat.TomcatWebServer - Tomcat initialized with port 8080 (http)
2024-12-03 19:16:21 [restartedMain] INFO  o.a.coyote.http11.Http11NioProtocol - Initializing ProtocolHandler ["http-nio-8080"]
2024-12-03 19:16:21 [restartedMain] INFO  o.a.catalina.core.StandardService - Starting service [Tomcat]
2024-12-03 19:16:21 [restartedMain] INFO  o.a.catalina.core.StandardEngine - Starting Servlet engine: [Apache Tomcat/10.1.28]
2024-12-03 19:16:21 [restartedMain] INFO  o.a.c.c.C.[Tomcat].[localhost].[/] - Initializing Spring embedded WebApplicationContext
2024-12-03 19:16:21 [restartedMain] INFO  o.s.b.w.s.c.ServletWebServerApplicationContext - Root WebApplicationContext: initialization completed in 999 ms
2024-12-03 19:16:21 [restartedMain] INFO  o.h.jpa.internal.util.LogHelper - HHH000204: Processing PersistenceUnitInfo [name: default]
2024-12-03 19:16:21 [restartedMain] INFO  org.hibernate.Version - HHH000412: Hibernate ORM core version 6.5.2.Final
2024-12-03 19:16:21 [restartedMain] INFO  o.h.c.i.RegionFactoryInitiator - HHH000026: Second-level cache disabled
2024-12-03 19:16:21 [restartedMain] INFO  o.s.o.j.p.SpringPersistenceUnitInfo - No LoadTimeWeaver setup: ignoring JPA class transformer
2024-12-03 19:16:21 [restartedMain] INFO  com.zaxxer.hikari.HikariDataSource - HikariPool-1 - Starting...
2024-12-03 19:16:22 [restartedMain] INFO  com.zaxxer.hikari.pool.HikariPool - HikariPool-1 - Added connection com.mysql.cj.jdbc.ConnectionImpl@611f8a06
2024-12-03 19:16:22 [restartedMain] INFO  com.zaxxer.hikari.HikariDataSource - HikariPool-1 - Start completed.
2024-12-03 19:16:22 [restartedMain] INFO  o.h.e.t.j.p.i.JtaPlatformInitiator - HHH000489: No JTA platform available (set 'hibernate.transaction.jta.platform' to enable JTA platform integration)
2024-12-03 19:16:22 [restartedMain] INFO  o.s.o.j.LocalContainerEntityManagerFactoryBean - Initialized JPA EntityManagerFactory for persistence unit 'default'
2024-12-03 19:16:22 [restartedMain] INFO  o.s.s.c.a.a.c.InitializeUserDetailsBeanManagerConfigurer$InitializeUserDetailsManagerConfigurer - Global AuthenticationManager configured with UserDetailsService bean with name customUserDetailsService
2024-12-03 19:16:23 [restartedMain] INFO  o.s.d.j.r.query.QueryEnhancerFactory - Hibernate is in classpath; If applicable, HQL parser will be used.
2024-12-03 19:16:23 [restartedMain] INFO  o.s.b.a.e.web.EndpointLinksResolver - Exposing 1 endpoint beneath base path '/actuator'
2024-12-03 19:16:23 [restartedMain] INFO  o.s.b.d.a.OptionalLiveReloadServer - LiveReload server is running on port 35729
2024-12-03 19:16:23 [restartedMain] INFO  o.a.coyote.http11.Http11NioProtocol - Starting ProtocolHandler ["http-nio-8080"]
2024-12-03 19:16:23 [restartedMain] INFO  o.s.b.w.e.tomcat.TomcatWebServer - Tomcat started on port 8080 (http) with context path '/'
2024-12-03 19:16:23 [restartedMain] INFO  i.v.b.BloggingEngineApi - Started BloggingEngineApi in 5.857 seconds (process running for 6.2)
2024-12-03 19:16:24 [RMI TCP Connection(2)-192.168.100.35] INFO  o.a.c.c.C.[Tomcat].[localhost].[/] - Initializing Spring DispatcherServlet 'dispatcherServlet'
2024-12-03 19:16:24 [RMI TCP Connection(2)-192.168.100.35] INFO  o.s.web.servlet.DispatcherServlet - Initializing Servlet 'dispatcherServlet'
2024-12-03 19:16:24 [RMI TCP Connection(2)-192.168.100.35] INFO  o.s.web.servlet.DispatcherServlet - Completed initialization in 1 ms
2024-12-03 19:16:37 [SpringApplicationShutdownHook] INFO  o.s.o.j.LocalContainerEntityManagerFactoryBean - Closing JPA EntityManagerFactory for persistence unit 'default'
2024-12-03 19:16:37 [SpringApplicationShutdownHook] INFO  com.zaxxer.hikari.HikariDataSource - HikariPool-1 - Shutdown initiated...
2024-12-03 19:16:37 [SpringApplicationShutdownHook] INFO  com.zaxxer.hikari.HikariDataSource - HikariPool-1 - Shutdown completed.
